<?xml version="1.0" encoding="UTF-8"?>
<!-- Generated by org.testng.reporters.JUnitReportReporter -->
<testsuite hostname="LAPTOP-TE7EU9TP" failures="0" tests="1" name="com.practice.ContactTest" time="0.007" errors="0" timestamp="2025-05-03T09:22:09 IST" skipped="0">
  <testcase classname="com.practice.ContactTest" name="createcontact" time="0.007"/>
  <system-out/>
</testsuite> <!-- com.practice.ContactTest -->
