<?xml version="1.0" encoding="UTF-8"?>
<!-- Generated by org.testng.reporters.JUnitReportReporter -->
<testsuite hostname="LAPTOP-TE7EU9TP" failures="0" tests="1" name="com.PomDesignPattern.SampleTestPomDesignPatternWithAutohealing" time="7.327" errors="0" timestamp="02 Apr 2025 09:26:50 GMT" skipped="0">
  <testcase classname="com.PomDesignPattern.SampleTestPomDesignPatternWithAutohealing" name="sampleTest" time="7.327"/>
</testsuite> <!-- com.PomDesignPattern.SampleTestPomDesignPatternWithAutohealing -->
