<?xml version="1.0" encoding="UTF-8"?>
<!-- Generated by org.testng.reporters.JUnitReportReporter -->
<testsuite hostname="LAPTOP-TE7EU9TP" failures="0" tests="1" name="com.PomDesignPattern.SampleTestPomDesignPattern" time="20.253" errors="0" timestamp="02 Apr 2025 04:34:14 GMT" skipped="0">
  <testcase classname="com.PomDesignPattern.SampleTestPomDesignPattern" name="sampleTest" time="20.253"/>
</testsuite> <!-- com.PomDesignPattern.SampleTestPomDesignPattern -->
