<?xml version="1.0" encoding="UTF-8"?>
<!-- Generated by org.testng.reporters.JUnitReportReporter -->
<testsuite hostname="LAPTOP-TE7EU9TP" failures="0" tests="1" name="com.PomDesignPattern.A" time="19.998" errors="0" timestamp="2025-04-27T21:26:39 IST" skipped="0">
  <testcase classname="com.PomDesignPattern.A" name="a1" time="19.998"/>
  <system-out/>
</testsuite> <!-- com.PomDesignPattern.A -->
