<?xml version="1.0" encoding="UTF-8"?>
<!-- Generated by org.testng.reporters.JUnitReportReporter -->
<testsuite hostname="LAPTOP-TE7EU9TP" failures="0" tests="1" name="B" time="0.006" errors="0" timestamp="2025-05-10T21:13:16 IST" skipped="0">
  <testcase classname="B" name="m2" time="0.006"/>
  <system-out/>
</testsuite> <!-- B -->
