<?xml version="1.0" encoding="UTF-8"?>
<!-- Generated by org.testng.reporters.JUnitReportReporter -->
<testsuite hostname="LAPTOP-TE7EU9TP" failures="0" tests="1" name="com.package2.OrgTest" time="0.000" errors="0" timestamp="03 May 2025 06:08:01 GMT" skipped="0">
  <testcase classname="com.package2.OrgTest" name="m2" time="0.000"/>
</testsuite> <!-- com.package2.OrgTest -->
