<?xml version="1.0" encoding="UTF-8"?>
<!-- Generated by org.testng.reporters.JUnitReportReporter -->
<testsuite hostname="LAPTOP-TE7EU9TP" failures="0" tests="1" name="com.package1.ContactTest" time="0.004" errors="0" timestamp="03 May 2025 06:08:01 GMT" skipped="0">
  <testcase classname="com.package1.ContactTest" name="m1" time="0.004"/>
</testsuite> <!-- com.package1.ContactTest -->
